<?xml version="1.0" encoding="UTF-8"?>
<testsuite xmlns:xsi="http://www.w3.org/2001/XMLSchema-instance" xsi:noNamespaceSchemaLocation="https://maven.apache.org/surefire/maven-surefire-plugin/xsd/surefire-test-report.xsd" version="3.0.2" name="com.utp.semana1.Semana1ApplicationTests" time="6.152" tests="1" errors="0" skipped="0" failures="0" flakes="0">
  <properties>
[...]
</properties>
  <testcase name="contextLoads" classname="com.utp.semana1.Semana1ApplicationTests" time="2.699">
    <system-out><![CDATA[20:06:58.959 [main] INFO org.springframework.test.context.support.AnnotationConfigContextLoaderUtils -- Could not detect default configuration classes for test class [com.utp.semana1.Semana1ApplicationTests]: Semana1ApplicationTests does not declare any static, non-private, non-final, nested classes annotated with @Configuration.
20:07:00.664 [main] INFO org.springframework.boot.test.context.SpringBootTestContextBootstrapper -- Found @SpringBootConfiguration com.utp.semana1.Semana1Application for test class com.utp.semana1.Semana1ApplicationTests
20:07:00.747 [main] INFO org.springframework.test.context.support.AnnotationConfigContextLoaderUtils -- Could not detect default configuration classes for test class [com.utp.semana1.Semana1ApplicationTests]: Semana1ApplicationTests does not declare any static, non-private, non-final, nested classes annotated with @Configuration.
20:07:00.749 [main] INFO org.springframework.boot.test.context.SpringBootTestContextBootstrapper -- Found @SpringBootConfiguration com.utp.semana1.Semana1Application for test class com.utp.semana1.Semana1ApplicationTests
20:07:00.819 [main] INFO org.springframework.boot.devtools.restart.RestartApplicationListener -- Restart disabled due to context in which it is running

  .   ____          _            __ _ _
 /\\ / ___'_ __ _ _(_)_ __  __ _ \ \ \ \
( ( )\___ | '_ | '_| | '_ \/ _` | \ \ \ \
 \\/  ___)| |_)| | | | | || (_| |  ) ) ) )
  '  |____| .__|_| |_|_| |_\__, | / / / /
 =========|_|==============|___/=/_/_/_/

 :: Spring Boot ::                (v4.1.0)

2026-08-20T20:07:01.057-05:00  INFO 33296 --- [semanal] [           main] c.utp.semana1.Semana1ApplicationTests    : Starting Semana1ApplicationTests using Java 25.0.1 with PID 33296 (started by LAB-USR-ATE in C:\Users\LAB-USR-ATE\Downloads\ProyectoWeb-main\ProyectoWeb-main\LABORATORIO 1\daniel gabriel)
2026-08-20T20:07:01.059-05:00  INFO 33296 --- [semanal] [           main] c.utp.semana1.Semana1ApplicationTests    : No active profile set, falling back to 1 default profile: "default"
2026-08-20T20:07:02.111-05:00  INFO 33296 --- [semanal] [           main] c.utp.semana1.Semana1ApplicationTests    : Started Semana1ApplicationTests in 1.306 seconds (process running for 11.643)
]]></system-out>
    <system-err><![CDATA[Mockito is currently self-attaching to enable the inline-mock-maker. This will no longer work in future releases of the JDK. Please add Mockito as an agent to your build as described in Mockito's documentation: https://javadoc.io/doc/org.mockito/mockito-core/latest/org.mockito/org/mockito/Mockito.html#0.3
WARNING: A Java agent has been loaded dynamically (C:\Users\LAB-USR-ATE\.m2\repository\net\bytebuddy\byte-buddy-agent\1.18.10\byte-buddy-agent-1.18.10.jar)
WARNING: If a serviceability tool is in use, please run with -XX:+EnableDynamicAgentLoading to hide this warning
WARNING: If a serviceability tool is not in use, please run with -Djdk.instrument.traceUsage for more information
WARNING: Dynamic loading of agents will be disallowed by default in a future release
]]></system-err>
  </testcase>
</testsuite>